<?xml version="1.0" encoding="UTF-8"?>
<!-- Generated by org.testng.reporters.JUnitReportReporter -->
<testsuite hostname="DESKTOP-LFNEGKJ" name="JavaStream.DuplicateElements" tests="3" failures="0" timestamp="5 Mar 2021 13:20:26 GMT" time="0.094" errors="0">
  <testcase name="duplicate" time="0.031" classname="JavaStream.DuplicateElements"/>
  <testcase name="sortString" time="0.016" classname="JavaStream.DuplicateElements"/>
  <testcase name="ReverseString" time="0.047" classname="JavaStream.DuplicateElements"/>
</testsuite> <!-- JavaStream.DuplicateElements -->
