<?xml version="1.0" encoding="UTF-8"?>
<!-- Generated by org.testng.reporters.JUnitReportReporter -->
<testsuite hostname="DESKTOP-LFNEGKJ" name="JavaStream.JavaStream2" tests="3" failures="0" timestamp="12 Feb 2021 05:18:30 GMT" time="0.047" errors="0">
  <testcase name="sort" time="0.010" classname="JavaStream.JavaStream2"/>
  <testcase name="ReverseString" time="0.029" classname="JavaStream.JavaStream2"/>
  <testcase name="Strtswith" time="0.008" classname="JavaStream.JavaStream2"/>
</testsuite> <!-- JavaStream.JavaStream2 -->
