<?xml version="1.0" encoding="UTF-8"?>
<!-- Generated by org.testng.reporters.JUnitReportReporter -->
<testsuite hostname="DESKTOP-LFNEGKJ" name="JavaStream.Prime2" tests="1" failures="0" timestamp="5 Mar 2021 13:39:13 GMT" time="4.786" errors="0">
  <testcase name="prime" time="4.786" classname="JavaStream.Prime2"/>
</testsuite> <!-- JavaStream.Prime2 -->
