<?xml version="1.0" encoding="UTF-8"?>
<!-- Generated by org.testng.reporters.JUnitReportReporter -->
<testsuite hostname="DESKTOP-LFNEGKJ" name="JavaStream.JavaStream" tests="1" failures="0" timestamp="8 Feb 2021 11:12:21 GMT" time="0.069" errors="0">
  <testcase name="numbers" time="0.069" classname="JavaStream.JavaStream"/>
</testsuite> <!-- JavaStream.JavaStream -->
