<?xml version="1.0" encoding="UTF-8"?>
<!-- Generated by org.testng.reporters.JUnitReportReporter -->
<testsuite hostname="DESKTOP-LFNEGKJ" name="LargestnumberArray.LargestNumber" tests="4" failures="0" timestamp="5 Mar 2021 11:51:43 GMT" time="0.088" errors="0">
  <testcase name="minmaxChar" time="0.008" classname="LargestnumberArray.LargestNumber"/>
  <testcase name="minmaxvalue" time="0.016" classname="LargestnumberArray.LargestNumber"/>
  <testcase name="minmaxObjects" time="0.008" classname="LargestnumberArray.LargestNumber"/>
  <testcase name="Largest" time="0.056" classname="LargestnumberArray.LargestNumber"/>
</testsuite> <!-- LargestnumberArray.LargestNumber -->
